<?xml version="1.0" encoding="UTF-8"?>
<testsuite xmlns:xsi="http://www.w3.org/2001/XMLSchema-instance" xsi:noNamespaceSchemaLocation="https://maven.apache.org/surefire/maven-surefire-plugin/xsd/surefire-test-report.xsd" name="wad.GifBinTest" time="7.154" tests="9" errors="0" skipped="0" failures="0">
  <properties>
[...]
</properties>
  <testcase name="firstImageShouldNotHavePrevious" classname="wad.GifBinTest" time="0.95"/>
  <testcase name="lastImageShouldNotHaveNext" classname="wad.GifBinTest" time="0.039"/>
  <testcase name="countDoesNotIncreaseWhenPostingANonGif" classname="wad.GifBinTest" time="0.011"/>
  <testcase name="countIncreasesWhenPostingAFile" classname="wad.GifBinTest" time="0.019"/>
  <testcase name="previousAndNextAreSet" classname="wad.GifBinTest" time="0.037"/>
  <testcase name="canPostFile" classname="wad.GifBinTest" time="0.007"/>
  <testcase name="canRetrieveAPostedFile" classname="wad.GifBinTest" time="0.025"/>
  <testcase name="redirectedFromRoot" classname="wad.GifBinTest" time="0.005"/>
  <testcase name="responseContainsCount" classname="wad.GifBinTest" time="0.012"/>
</testsuite>